OTP for admin@wl.com: 859838 (valid for 10 minutes)
OTP for admin@wl.com: 351917 (valid for 10 minutes)
OTP for admin@wl.com: 935077 (valid for 10 minutes)
OTP for admin@wl.com: 162206 (valid for 10 minutes)
OTP for user@wl.com: 872088 (valid for 10 minutes)
OTP for user@wl.com: 286879 (valid for 10 minutes)
OTP for user@wl.com: 419089 (valid for 10 minutes)
OTP for user@wl.com: 129867 (valid for 10 minutes)
OTP for user@wl.com: 889222 (valid for 10 minutes)
OTP for user@wl.com: 965192 (valid for 10 minutes)
OTP for priyam.darshini14@gmail.com: 703584 (valid for 10 minutes)
OTP for sophie.taylor@example.com: 194926 (valid for 10 minutes)
OTP for sophie.taylor@example.com: 011039 (valid for 10 minutes)
OTP for srt@wl.com: 848145 (valid for 10 minutes)
OTP for sophie.talor@example.com: 077843 (valid for 10 minutes)
OTP for krishnavamshi.2297@gmail.com: 826589 (valid for 10 minutes)
OTP for vk221197: 166864 (valid for 10 minutes)
OTP for admin123: 583019 (valid for 10 minutes)
OTP for srt100: 313693 (valid for 10 minutes)
OTP for srt100: 567665 (valid for 10 minutes)
OTP for srt100: 194455 (valid for 10 minutes)
OTP for srt100: 464000 (valid for 10 minutes)
OTP for admin123: 264175 (valid for 10 minutes)
OTP for vk221197: 631223 (valid for 10 minutes)
OTP for ki22u: 873569 (valid for 10 minutes)
OTP for srt100: 490451 (valid for 10 minutes)
OTP for rohit264: 528770 (valid for 10 minutes)
OTP for ki22u: 906456 (valid for 10 minutes)
OTP for ki22u: 966881 (valid for 10 minutes)
OTP for admin123: 343627 (valid for 10 minutes)
OTP for ki22u: 059648 (valid for 10 minutes)
OTP for ki22u: 396495 (valid for 10 minutes)
OTP for ki22u: 519527 (valid for 10 minutes)
OTP for ki22u: 271819 (valid for 10 minutes)
OTP for ki22u: 452916 (valid for 10 minutes)
OTP for ki22u: 964141 (valid for 10 minutes)
